
/home/runner/work/exp-projection-of-straight-lines-dei/exp-projection-of-straight-lines-dei/experiment/simulation/Script1.js
   1:10  warning  'move' is defined but never used         no-unused-vars
   5:5   warning  'myTimeout' is not defined               no-undef
  24:18  warning  'myTimeout' is not defined               no-undef
  28:10  warning  'clipmove' is defined but never used     no-unused-vars
  40:10  warning  'clipmove1' is defined but never used    no-unused-vars
  52:10  warning  'clipmove2' is defined but never used    no-unused-vars
  64:10  warning  'clipmove3' is defined but never used    no-unused-vars
  76:10  warning  'draftermove' is defined but never used  no-unused-vars

/home/runner/work/exp-projection-of-straight-lines-dei/exp-projection-of-straight-lines-dei/experiment/simulation/Script2.js
  105:12  error  Parsing error: Identifier 'myStopFunction1' has already been declared

/home/runner/work/exp-projection-of-straight-lines-dei/exp-projection-of-straight-lines-dei/experiment/simulation/Script3.js
  107:12  error  Parsing error: Identifier 'myStopFunction1' has already been declared

/home/runner/work/exp-projection-of-straight-lines-dei/exp-projection-of-straight-lines-dei/experiment/simulation/Script4.js
  165:12  error  Parsing error: Identifier 'myStopFunction1' has already been declared

/home/runner/work/exp-projection-of-straight-lines-dei/exp-projection-of-straight-lines-dei/experiment/simulation/Script5.js
  168:12  error  Parsing error: Identifier 'myStopFunction1' has already been declared

/home/runner/work/exp-projection-of-straight-lines-dei/exp-projection-of-straight-lines-dei/experiment/simulation/Script6.js
    1:5   warning  'greeting' is defined but never used   no-unused-vars
    2:10  warning  'getValue' is defined but never used   no-unused-vars
   18:10  warning  'getValue1' is defined but never used  no-unused-vars
   35:10  warning  'getValue2' is defined but never used  no-unused-vars
   73:10  warning  'movepen' is defined but never used    no-unused-vars
   79:3   warning  'myTimeout' is not defined             no-undef
   82:10  warning  'movepen2' is defined but never used   no-unused-vars
   87:3   warning  'myTimeout11' is not defined           no-undef
   91:10  warning  'nextst' is defined but never used     no-unused-vars
   98:3   warning  'myTimeout3' is not defined            no-undef
  121:10  warning  'nextst1' is defined but never used    no-unused-vars
  127:3   warning  'myTimeout2' is not defined            no-undef
  131:10  warning  'nextst2' is defined but never used    no-unused-vars
  136:3   warning  'myTimeoutnew' is not defined          no-undef
  140:10  warning  'nextst3' is defined but never used    no-unused-vars
  146:3   warning  'myTimeout6' is not defined            no-undef
  150:10  warning  'nextst4' is defined but never used    no-unused-vars
  156:3   warning  'myTimeout7' is not defined            no-undef
  160:10  warning  'nextst5' is defined but never used    no-unused-vars
  167:3   warning  'myTimeout8' is not defined            no-undef
  171:10  warning  'nextstn5' is defined but never used   no-unused-vars
  179:10  warning  'nextst6' is defined but never used    no-unused-vars
  186:3   warning  'myTimeout9' is not defined            no-undef
  189:10  warning  'nextst7' is defined but never used    no-unused-vars
  195:3   warning  'myTimeout10' is not defined           no-undef
  199:10  warning  'nextst8' is defined but never used    no-unused-vars
  205:3   warning  'myTimeout11' is not defined           no-undef
  219:10  warning  'nextst10' is defined but never used   no-unused-vars
  224:3   warning  'myTimeout13' is not defined           no-undef
  237:16  warning  'myTimeout6' is not defined            no-undef
  254:16  warning  'myTimeout' is not defined             no-undef
  269:16  warning  'myTimeout2' is not defined            no-undef
  284:16  warning  'myTimeout3' is not defined            no-undef
  315:16  warning  'myTimeoutnew' is not defined          no-undef
  327:16  warning  'myTimeout6' is not defined            no-undef
  340:16  warning  'myTimeout7' is not defined            no-undef
  354:16  warning  'myTimeout8' is not defined            no-undef
  368:16  warning  'myTimeout9' is not defined            no-undef
  383:16  warning  'myTimeout10' is not defined           no-undef
  397:16  warning  'myTimeout11' is not defined           no-undef
  408:16  warning  'myTimeout12' is not defined           no-undef

/home/runner/work/exp-projection-of-straight-lines-dei/exp-projection-of-straight-lines-dei/experiment/simulation/js/Script1.js
   1:10  warning  'move' is defined but never used         no-unused-vars
   5:5   warning  'myTimeout' is not defined               no-undef
  24:18  warning  'myTimeout' is not defined               no-undef
  28:10  warning  'clipmove' is defined but never used     no-unused-vars
  35:10  warning  'clipmove1' is defined but never used    no-unused-vars
  42:10  warning  'clipmove2' is defined but never used    no-unused-vars
  49:10  warning  'clipmove3' is defined but never used    no-unused-vars
  56:10  warning  'draftermove' is defined but never used  no-unused-vars

/home/runner/work/exp-projection-of-straight-lines-dei/exp-projection-of-straight-lines-dei/experiment/simulation/js/Script2.js
  1:10  warning  'myFunction' is defined but never used  no-unused-vars

✖ 62 problems (4 errors, 58 warnings)

